# JRE version: Java(TM) SE Runtime Environment (7.0_76-b13) (build 1.7.0_76-b13)
# Java VM: Java HotSpot(TM) 64-Bit Server VM (24.76-b04 mixed mode linux-amd64 compressed oops)
Heap
 PSYoungGen      total 199168K, used 90382K [0x00000000eaa80000, 0x00000000fb600000, 0x0000000100000000)
  eden space 129536K, 51% used [0x00000000eaa80000,0x00000000eeb3eb30,0x00000000f2900000)
  from space 69632K, 34% used [0x00000000f7200000,0x00000000f8984e70,0x00000000fb600000)
  to   space 72192K, 0% used [0x00000000f2900000,0x00000000f2900000,0x00000000f6f80000)
 ParOldGen       total 439296K, used 302025K [0x00000000c0000000, 0x00000000dad00000, 0x00000000eaa80000)
  object space 439296K, 68% used [0x00000000c0000000,0x00000000d26f2508,0x00000000dad00000)
 PSPermGen       total 254464K, used 224176K [0x00000000b0000000, 0x00000000bf880000, 0x00000000c0000000)
  object space 254464K, 88% used [0x00000000b0000000,0x00000000bdaec1b8,0x00000000bf880000)
GC Heap History (10 events):
Event: 5804,354 GC heap before
{Heap before GC invocations=162 (full 35):
 PSYoungGen      total 209920K, used 123807K [0x00000000eaa80000, 0x00000000fc900000, 0x0000000100000000)
  eden space 128512K, 61% used [0x00000000eaa80000,0x00000000ef77d140,0x00000000f2800000)
  from space 81408K, 55% used [0x00000000f7980000,0x00000000fa56ad28,0x00000000fc900000)
  to   space 82432K, 0% used [0x00000000f2800000,0x00000000f2800000,0x00000000f7880000)
 ParOldGen       total 439296K, used 280673K [0x00000000c0000000, 0x00000000dad00000, 0x00000000eaa80000)
  object space 439296K, 63% used [0x00000000c0000000,0x00000000d1218420,0x00000000dad00000)
 PSPermGen       total 243200K, used 212969K [0x00000000b0000000, 0x00000000bed80000, 0x00000000c0000000)
  object space 243200K, 87% used [0x00000000b0000000,0x00000000bcffa640,0x00000000bed80000)
Event: 5804,390 GC heap after
Heap after GC invocations=162 (full 35):
 PSYoungGen      total 167424K, used 38631K [0x00000000eaa80000, 0x00000000fc100000, 0x0000000100000000)
  eden space 128512K, 0% used [0x00000000eaa80000,0x00000000eaa80000,0x00000000f2800000)
  from space 38912K, 99% used [0x00000000f2800000,0x00000000f4db9c28,0x00000000f4e00000)
  to   space 78336K, 0% used [0x00000000f7480000,0x00000000f7480000,0x00000000fc100000)
 ParOldGen       total 439296K, used 280673K [0x00000000c0000000, 0x00000000dad00000, 0x00000000eaa80000)
  object space 439296K, 63% used [0x00000000c0000000,0x00000000d1218420,0x00000000dad00000)
 PSPermGen       total 243200K, used 212969K [0x00000000b0000000, 0x00000000bed80000, 0x00000000c0000000)
  object space 243200K, 87% used [0x00000000b0000000,0x00000000bcffa640,0x00000000bed80000)
}
Event: 5804,390 GC heap before
{Heap before GC invocations=163 (full 36):
 PSYoungGen      total 167424K, used 38631K [0x00000000eaa80000, 0x00000000fc100000, 0x0000000100000000)
  eden space 128512K, 0% used [0x00000000eaa80000,0x00000000eaa80000,0x00000000f2800000)
  from space 38912K, 99% used [0x00000000f2800000,0x00000000f4db9c28,0x00000000f4e00000)
  to   space 78336K, 0% used [0x00000000f7480000,0x00000000f7480000,0x00000000fc100000)
 ParOldGen       total 439296K, used 280673K [0x00000000c0000000, 0x00000000dad00000, 0x00000000eaa80000)
  object space 439296K, 63% used [0x00000000c0000000,0x00000000d1218420,0x00000000dad00000)
 PSPermGen       total 243200K, used 212969K [0x00000000b0000000, 0x00000000bed80000, 0x00000000c0000000)
  object space 243200K, 87% used [0x00000000b0000000,0x00000000bcffa640,0x00000000bed80000)
Event: 5805,286 GC heap after
Heap after GC invocations=163 (full 36):
 PSYoungGen      total 167424K, used 0K [0x00000000eaa80000, 0x00000000fc100000, 0x0000000100000000)
  eden space 128512K, 0% used [0x00000000eaa80000,0x00000000eaa80000,0x00000000f2800000)
  from space 38912K, 0% used [0x00000000f2800000,0x00000000f2800000,0x00000000f4e00000)
  to   space 78336K, 0% used [0x00000000f7480000,0x00000000f7480000,0x00000000fc100000)
 ParOldGen       total 439296K, used 302025K [0x00000000c0000000, 0x00000000dad00000, 0x00000000eaa80000)
  object space 439296K, 68% used [0x00000000c0000000,0x00000000d26f2508,0x00000000dad00000)
 PSPermGen       total 254464K, used 212282K [0x00000000b0000000, 0x00000000bf880000, 0x00000000c0000000)
  object space 254464K, 83% used [0x00000000b0000000,0x00000000bcf4e998,0x00000000bf880000)
}
Event: 5904,060 GC heap before
{Heap before GC invocations=164 (full 36):
 PSYoungGen      total 167424K, used 128512K [0x00000000eaa80000, 0x00000000fc100000, 0x0000000100000000)
  eden space 128512K, 100% used [0x00000000eaa80000,0x00000000f2800000,0x00000000f2800000)
  from space 38912K, 0% used [0x00000000f2800000,0x00000000f2800000,0x00000000f4e00000)
  to   space 78336K, 0% used [0x00000000f7480000,0x00000000f7480000,0x00000000fc100000)
 ParOldGen       total 439296K, used 302025K [0x00000000c0000000, 0x00000000dad00000, 0x00000000eaa80000)
  object space 439296K, 68% used [0x00000000c0000000,0x00000000d26f2508,0x00000000dad00000)
 PSPermGen       total 254464K, used 216331K [0x00000000b0000000, 0x00000000bf880000, 0x00000000c0000000)
  object space 254464K, 85% used [0x00000000b0000000,0x00000000bd342e58,0x00000000bf880000)
Event: 5904,088 GC heap after
Heap after GC invocations=164 (full 36):
 PSYoungGen      total 206848K, used 13544K [0x00000000eaa80000, 0x00000000fc280000, 0x0000000100000000)
  eden space 128512K, 0% used [0x00000000eaa80000,0x00000000eaa80000,0x00000000f2800000)
  from space 78336K, 17% used [0x00000000f7480000,0x00000000f81ba0d0,0x00000000fc100000)
  to   space 78336K, 0% used [0x00000000f2800000,0x00000000f2800000,0x00000000f7480000)
 ParOldGen       total 439296K, used 302025K [0x00000000c0000000, 0x00000000dad00000, 0x00000000eaa80000)
  object space 439296K, 68% used [0x00000000c0000000,0x00000000d26f2508,0x00000000dad00000)
 PSPermGen       total 254464K, used 216331K [0x00000000b0000000, 0x00000000bf880000, 0x00000000c0000000)
  object space 254464K, 85% used [0x00000000b0000000,0x00000000bd342e58,0x00000000bf880000)
}
Event: 5906,067 GC heap before
{Heap before GC invocations=165 (full 36):
 PSYoungGen      total 206848K, used 142056K [0x00000000eaa80000, 0x00000000fc280000, 0x0000000100000000)
  eden space 128512K, 100% used [0x00000000eaa80000,0x00000000f2800000,0x00000000f2800000)
  from space 78336K, 17% used [0x00000000f7480000,0x00000000f81ba0d0,0x00000000fc100000)
  to   space 78336K, 0% used [0x00000000f2800000,0x00000000f2800000,0x00000000f7480000)
 ParOldGen       total 439296K, used 302025K [0x00000000c0000000, 0x00000000dad00000, 0x00000000eaa80000)
  object space 439296K, 68% used [0x00000000c0000000,0x00000000d26f2508,0x00000000dad00000)
 PSPermGen       total 254464K, used 219061K [0x00000000b0000000, 0x00000000bf880000, 0x00000000c0000000)
  object space 254464K, 86% used [0x00000000b0000000,0x00000000bd5ed690,0x00000000bf880000)
Event: 5906,102 GC heap after
Heap after GC invocations=165 (full 36):
 PSYoungGen      total 163840K, used 35212K [0x00000000eaa80000, 0x00000000fba80000, 0x0000000100000000)
  eden space 128512K, 0% used [0x00000000eaa80000,0x00000000eaa80000,0x00000000f2800000)
  from space 35328K, 99% used [0x00000000f2800000,0x00000000f4a63288,0x00000000f4a80000)
  to   space 74240K, 0% used [0x00000000f7200000,0x00000000f7200000,0x00000000fba80000)
 ParOldGen       total 439296K, used 302025K [0x00000000c0000000, 0x00000000dad00000, 0x00000000eaa80000)
  object space 439296K, 68% used [0x00000000c0000000,0x00000000d26f2508,0x00000000dad00000)
 PSPermGen       total 254464K, used 219061K [0x00000000b0000000, 0x00000000bf880000, 0x00000000c0000000)
  object space 254464K, 86% used [0x00000000b0000000,0x00000000bd5ed690,0x00000000bf880000)
}
Event: 5988,281 GC heap before
{Heap before GC invocations=166 (full 36):
 PSYoungGen      total 163840K, used 163724K [0x00000000eaa80000, 0x00000000fba80000, 0x0000000100000000)
  eden space 128512K, 100% used [0x00000000eaa80000,0x00000000f2800000,0x00000000f2800000)
  from space 35328K, 99% used [0x00000000f2800000,0x00000000f4a63288,0x00000000f4a80000)
  to   space 74240K, 0% used [0x00000000f7200000,0x00000000f7200000,0x00000000fba80000)
 ParOldGen       total 439296K, used 302025K [0x00000000c0000000, 0x00000000dad00000, 0x00000000eaa80000)
  object space 439296K, 68% used [0x00000000c0000000,0x00000000d26f2508,0x00000000dad00000)
 PSPermGen       total 254464K, used 220815K [0x00000000b0000000, 0x00000000bf880000, 0x00000000c0000000)
  object space 254464K, 86% used [0x00000000b0000000,0x00000000bd7a3c48,0x00000000bf880000)
Event: 5988,346 GC heap after
Heap after GC invocations=166 (full 36):
 PSYoungGen      total 199168K, used 24083K [0x00000000eaa80000, 0x00000000fb600000, 0x0000000100000000)
  eden space 129536K, 0% used [0x00000000eaa80000,0x00000000eaa80000,0x00000000f2900000)
  from space 69632K, 34% used [0x00000000f7200000,0x00000000f8984e70,0x00000000fb600000)
  to   space 72192K, 0% used [0x00000000f2900000,0x00000000f2900000,0x00000000f6f80000)
 ParOldGen       total 439296K, used 302025K [0x00000000c0000000, 0x00000000dad00000, 0x00000000eaa80000)
  object space 439296K, 68% used [0x00000000c0000000,0x00000000d26f2508,0x00000000dad00000)
 PSPermGen       total 254464K, used 220815K [0x00000000b0000000, 0x00000000bf880000, 0x00000000c0000000)
  object space 254464K, 86% used [0x00000000b0000000,0x00000000bd7a3c48,0x00000000bf880000)
}

